0 verbose cli C:\Program Files\nodejs\node.exe C:\Program Files\nodejs\node_modules\npm\bin\npm-cli.js
1 info using npm@10.7.0
2 info using node@v20.15.1
3 silly config:load:file:C:\Program Files\nodejs\node_modules\npm\npmrc
4 silly config:load:file:C:\Users\Huipadyam\.npmrc
5 silly config:load:file:C:\Users\Huipadyam\AppData\Roaming\npm\etc\npmrc
6 verbose title npm run eslint
7 verbose argv "run" "eslint" "--cache" "--clear"
8 verbose logfile logs-max:10 dir:C:\Users\Huipadyam\OneDrive - 이화여자대학교\문서\Backend\Front-End\--clear\_logs\2024-09-07T04_47_39_356Z-
9 verbose logfile C:\Users\Huipadyam\OneDrive - 이화여자대학교\문서\Backend\Front-End\--clear\_logs\2024-09-07T04_47_39_356Z-debug-0.log
10 silly logfile done cleaning log files
11 verbose stack Error: Missing script: "eslint"
11 verbose stack
11 verbose stack To see a list of scripts, run:
11 verbose stack   npm run
11 verbose stack     at RunScript.run (C:\Program Files\nodejs\node_modules\npm\lib\commands\run-script.js:79:13)
11 verbose stack     at async module.exports (C:\Program Files\nodejs\node_modules\npm\lib\cli\entry.js:74:5)
12 verbose cwd C:\Users\Huipadyam\OneDrive - 이화여자대학교\문서\Backend\Front-End
13 verbose Windows_NT 10.0.19045
14 verbose node v20.15.1
15 verbose npm  v10.7.0
16 error Missing script: "eslint"
16 error
16 error To see a list of scripts, run:
16 error   npm run
17 verbose exit 1
18 verbose code 1
19 error A complete log of this run can be found in: C:\Users\Huipadyam\OneDrive - 이화여자대학교\문서\Backend\Front-End\--clear\_logs\2024-09-07T04_47_39_356Z-debug-0.log
